2025-01-23 21:32:25,686 - DEBUG - Portatíl fue agregado con éxito. El precio es de 1000 - Cantidad: 10 unidades en stock
2025-01-23 21:32:25,688 - INFO - La compra fue exitosa. El stock restante es 6
2025-01-23 21:32:25,688 - INFO - Compra realizada: 4 unidades de Portatíl por un total de $4000
2025-01-23 21:32:50,795 - DEBUG - Portatíl fue agregado con éxito. El precio es de 1000 - Cantidad: 10 unidades en stock
2025-01-23 21:32:50,802 - INFO - La compra fue exitosa. El stock restante es 6
2025-01-23 21:32:50,802 - INFO - Compra realizada: 4 unidades de Portatíl por un total de $4000
2025-01-23 21:34:48,634 - DEBUG - Portatíl fue agregado con éxito. El precio es de 1000 - Cantidad: 10 unidades en stock
2025-01-23 21:34:48,638 - INFO - La compra fue exitosa. El stock restante es 6
2025-01-23 21:34:48,640 - INFO - Compra realizada: 4 unidades de Portatíl por un total de $4000
2025-01-23 21:35:42,824 - DEBUG - Portatíl fue agregado con éxito. El precio es de 1000 - Cantidad: 10 unidades en stock
2025-01-23 21:35:42,834 - INFO - La compra fue exitosa. El stock restante es 6
2025-01-23 21:35:42,834 - INFO - Compra realizada: 4 unidades de Portatíl por un total de $4000
2025-01-23 21:35:42,835 - DEBUG - Teclado fue agregado con éxito. El precio es de 50 - Cantidad: 5 unidades en stock
2025-01-23 21:35:42,835 - ERROR - Error: No hay suficiente cantidad del producto Portatíl. El stock disponible es de 6
2025-01-23 21:35:42,835 - ERROR - Error al efectuar la compra: Error: No hay suficiente cantidad del producto Portatíl. El stock disponible es de 6
2025-01-23 21:36:18,989 - DEBUG - Portatíl fue agregado con éxito. El precio es de 1000 - Cantidad: 10 unidades en stock
2025-01-23 21:36:18,991 - INFO - La compra fue exitosa. El stock restante es 6
2025-01-23 21:36:18,991 - INFO - Compra realizada: 4 unidades de Portatíl por un total de $4000
2025-01-23 21:36:18,992 - DEBUG - Teclado fue agregado con éxito. El precio es de 50 - Cantidad: 5 unidades en stock
2025-01-23 21:36:18,992 - ERROR - Error: No hay suficiente cantidad del producto Teclado. El stock disponible es de 5
2025-01-23 21:36:18,992 - ERROR - Error al efectuar la compra: Error: No hay suficiente cantidad del producto Teclado. El stock disponible es de 5
